Tex Error


%%%%%%%%%%%%%%%%%%%%%%%%%%%%%%%%%%%%%%%%%%%%%%%%%%%%%%%%%%%%


This is e-pTeX, Version 3.1415926-p3.4-110825-2.6 (utf8.euc) (TeX Live 2013/Debian)
 restricted \write18 enabled.
entering extended mode
(./document.tex
pLaTeX2e <2006/11/10> (based on LaTeX2e <2011/06/27> patch level 0)
Babel <3.9h> and hyphenation patterns for 11 languages loaded.
(/usr/share/texlive/texmf-dist/tex/platex/base/jreport.cls
Document Class: jreport 2006/06/27 v1.6 Standard pLaTeX class
(/usr/share/texlive/texmf-dist/tex/platex/base/jsize12.clo))
(/usr/share/texlive/texmf-dist/tex/latex/colortbl/colortbl.sty
(/usr/share/texlive/texmf-dist/tex/latex/tools/array.sty)
(/usr/share/texlive/texmf-dist/tex/latex/graphics/color.sty
(/usr/share/texlive/texmf-dist/tex/latex/latexconfig/color.cfg)
(/usr/share/texlive/texmf-dist/tex/latex/graphics/dvips.def)
(/usr/share/texlive/texmf-dist/tex/latex/graphics/dvipsnam.def))) (./thesis.sty

Thesis.sty version 2.01 - Released Feb 9, 1994 (for printing thesis)
Based on thesis.sty version 1.0 - Released Feb 20, 1992
) (/usr/share/texlive/texmf-dist/tex/latex/graphics/graphicx.sty
(/usr/share/texlive/texmf-dist/tex/latex/graphics/keyval.sty)
(/usr/share/texlive/texmf-dist/tex/latex/graphics/graphics.sty
(/usr/share/texlive/texmf-dist/tex/latex/graphics/trig.sty)
(/usr/share/texlive/texmf-dist/tex/latex/latexconfig/graphics.cfg)
(/usr/share/texlive/texmf-dist/tex/latex/dvipdfmx-def/dvipdfmx.def)))
! Undefined control sequence.
<recently read> \usepadsbgfsckage 
                                  
l.5 \usepadsbgfsckage
                     {url}
? 
! Emergency stop.
<recently read> \usepadsbgfsckage 
                                  
l.5 \usepadsbgfsckage
                     {url}
No pages of output.
Transcript written on document.log.
This is e-pTeX, Version 3.1415926-p3.4-110825-2.6 (utf8.euc) (TeX Live 2013/Debian)
 restricted \write18 enabled.
entering extended mode
(./document.tex
pLaTeX2e <2006/11/10> (based on LaTeX2e <2011/06/27> patch level 0)
Babel <3.9h> and hyphenation patterns for 11 languages loaded.
(/usr/share/texlive/texmf-dist/tex/platex/base/jreport.cls
Document Class: jreport 2006/06/27 v1.6 Standard pLaTeX class
(/usr/share/texlive/texmf-dist/tex/platex/base/jsize12.clo))
(/usr/share/texlive/texmf-dist/tex/latex/colortbl/colortbl.sty
(/usr/share/texlive/texmf-dist/tex/latex/tools/array.sty)
(/usr/share/texlive/texmf-dist/tex/latex/graphics/color.sty
(/usr/share/texlive/texmf-dist/tex/latex/latexconfig/color.cfg)
(/usr/share/texlive/texmf-dist/tex/latex/graphics/dvips.def)
(/usr/share/texlive/texmf-dist/tex/latex/graphics/dvipsnam.def))) (./thesis.sty

Thesis.sty version 2.01 - Released Feb 9, 1994 (for printing thesis)
Based on thesis.sty version 1.0 - Released Feb 20, 1992
) (/usr/share/texlive/texmf-dist/tex/latex/graphics/graphicx.sty
(/usr/share/texlive/texmf-dist/tex/latex/graphics/keyval.sty)
(/usr/share/texlive/texmf-dist/tex/latex/graphics/graphics.sty
(/usr/share/texlive/texmf-dist/tex/latex/graphics/trig.sty)
(/usr/share/texlive/texmf-dist/tex/latex/latexconfig/graphics.cfg)
(/usr/share/texlive/texmf-dist/tex/latex/dvipdfmx-def/dvipdfmx.def)))
! Undefined control sequence.
<recently read> \usepadsbgfsckage 
                                  
l.5 \usepadsbgfsckage
                     {url}
? 
! Emergency stop.
<recently read> \usepadsbgfsckage 
                                  
l.5 \usepadsbgfsckage
                     {url}
No pages of output.
Transcript written on document.log.
