Tex Error\n\n
%%%%%%%%%%%%%%%%%%%%%%%%%%%%%%%%%%%%%%%%%%%%%%%%%%%%%%%%%%%%\n\n
This is e-pTeX, Version 3.14159265-p3.6-141210-2.6 (utf8.euc) (TeX Live 2015/Arch Linux) (preloaded format=platex)
 restricted \write18 enabled.
entering extended mode
(./document.tex
pLaTeX2e <2006/11/10> (based on LaTeX2e <2015/10/01> patch level 2)
Babel <3.9m> and hyphenation patterns for 79 languages loaded.
(/usr/share/texmf-dist/tex/platex/base/jreport.cls
Document Class: jreport 2006/06/27 v1.6 Standard pLaTeX class
(/usr/share/texmf-dist/tex/platex/base/jsize12.clo))
(/usr/share/texmf-dist/tex/latex/colortbl/colortbl.sty
(/usr/share/texmf-dist/tex/latex/tools/array.sty)
(/usr/share/texmf-dist/tex/latex/graphics/color.sty
(/usr/share/texmf-dist/tex/latex/latexconfig/color.cfg)
(/usr/share/texmf-dist/tex/latex/graphics/dvips.def)
(/usr/share/texmf-dist/tex/latex/graphics/dvipsnam.def))) (./thesis.sty
Thesis.sty version 2.01 - Released Feb 9, 1994 (for printing thesis)
Based on thesis.sty version 1.0 - Released Feb 20, 1992
) (/usr/share/texmf-dist/tex/latex/graphics/graphicx.sty
(/usr/share/texmf-dist/tex/latex/graphics/keyval.sty)
(/usr/share/texmf-dist/tex/latex/graphics/graphics.sty
(/usr/share/texmf-dist/tex/latex/graphics/trig.sty)
(/usr/share/texmf-dist/tex/latex/latexconfig/graphics.cfg)
(/usr/share/texmf-dist/tex/latex/dvipdfmx-def/dvipdfmx.def
(/usr/share/texmf-dist/tex/generic/oberdiek/infwarerr.sty)
(/usr/share/texmf-dist/tex/generic/oberdiek/ltxcmds.sty))))
(/usr/share/texmf-dist/tex/latex/url/url.sty)
(/usr/share/texmf-dist/tex/latex/amsmath/amsmath.sty
For additional information on amsmath, use the `?' option.
(/usr/share/texmf-dist/tex/latex/amsmath/amstext.sty
(/usr/share/texmf-dist/tex/latex/amsmath/amsgen.sty))
(/usr/share/texmf-dist/tex/latex/amsmath/amsbsy.sty)
(/usr/share/texmf-dist/tex/latex/amsmath/amsopn.sty))
No file document.aux.
./document.tex:14: Undefined control sequence.
l.14 \arge
          
No pages of output.
Transcript written on document.log.
