Tex Error


%%%%%%%%%%%%%%%%%%%%%%%%%%%%%%%%%%%%%%%%%%%%%%


This is e-pTeX, Version 3.1415926-p3.4-110825-2.6 (utf8.euc) (TeX Live 2013/Debian)
 restricted \write18 enabled.
entering extended mode
(./document.tex
pLaTeX2e <2006/11/10> (based on LaTeX2e <2011/06/27> patch level 0)
Babel <3.9h> and hyphenation patterns for 11 languages loaded.
(/usr/share/texlive/texmf-dist/tex/platex/base/jreport.cls
Document Class: jreport 2006/06/27 v1.6 Standard pLaTeX class
(/usr/share/texlive/texmf-dist/tex/platex/base/jsize12.clo))
(/usr/share/texlive/texmf-dist/tex/latex/colortbl/colortbl.sty
(/usr/share/texlive/texmf-dist/tex/latex/tools/array.sty)
(/usr/share/texlive/texmf-dist/tex/latex/graphics/color.sty
(/usr/share/texlive/texmf-dist/tex/latex/latexconfig/color.cfg)
(/usr/share/texlive/texmf-dist/tex/latex/graphics/dvips.def)
(/usr/share/texlive/texmf-dist/tex/latex/graphics/dvipsnam.def))) (./thesis.sty

Thesis.sty version 2.01 - Released Feb 9, 1994 (for printing thesis)
Based on thesis.sty version 1.0 - Released Feb 20, 1992
) (/usr/share/texlive/texmf-dist/tex/latex/graphics/graphicx.sty
(/usr/share/texlive/texmf-dist/tex/latex/graphics/keyval.sty)
(/usr/share/texlive/texmf-dist/tex/latex/graphics/graphics.sty
(/usr/share/texlive/texmf-dist/tex/latex/graphics/trig.sty)
(/usr/share/texlive/texmf-dist/tex/latex/latexconfig/graphics.cfg)
(/usr/share/texlive/texmf-dist/tex/latex/dvipdfmx-def/dvipdfmx.def)))
(/usr/share/texlive/texmf-dist/tex/latex/url/url.sty)
(/usr/share/texlive/texmf-dist/tex/latex/amsmath/amsmath.sty
For additional information on amsmath, use the `?' option.
(/usr/share/texlive/texmf-dist/tex/latex/amsmath/amstext.sty
(/usr/share/texlive/texmf-dist/tex/latex/amsmath/amsgen.sty))
(/usr/share/texlive/texmf-dist/tex/latex/amsmath/amsbsy.sty)
(/usr/share/texlive/texmf-dist/tex/latex/amsmath/amsopn.sty)) (./document.aux)
! Extra }, or forgotten \endgroup.
<recently read> }
                 
l.17 }
      
? 
! Emergency stop.
<recently read> }
                 
l.17 }
      
No pages of output.
Transcript written on document.log.
This is e-pTeX, Version 3.1415926-p3.4-110825-2.6 (utf8.euc) (TeX Live 2013/Debian)
 restricted \write18 enabled.
entering extended mode
(./document.tex
pLaTeX2e <2006/11/10> (based on LaTeX2e <2011/06/27> patch level 0)
Babel <3.9h> and hyphenation patterns for 11 languages loaded.
(/usr/share/texlive/texmf-dist/tex/platex/base/jreport.cls
Document Class: jreport 2006/06/27 v1.6 Standard pLaTeX class
(/usr/share/texlive/texmf-dist/tex/platex/base/jsize12.clo))
(/usr/share/texlive/texmf-dist/tex/latex/colortbl/colortbl.sty
(/usr/share/texlive/texmf-dist/tex/latex/tools/array.sty)
(/usr/share/texlive/texmf-dist/tex/latex/graphics/color.sty
(/usr/share/texlive/texmf-dist/tex/latex/latexconfig/color.cfg)
(/usr/share/texlive/texmf-dist/tex/latex/graphics/dvips.def)
(/usr/share/texlive/texmf-dist/tex/latex/graphics/dvipsnam.def))) (./thesis.sty

Thesis.sty version 2.01 - Released Feb 9, 1994 (for printing thesis)
Based on thesis.sty version 1.0 - Released Feb 20, 1992
) (/usr/share/texlive/texmf-dist/tex/latex/graphics/graphicx.sty
(/usr/share/texlive/texmf-dist/tex/latex/graphics/keyval.sty)
(/usr/share/texlive/texmf-dist/tex/latex/graphics/graphics.sty
(/usr/share/texlive/texmf-dist/tex/latex/graphics/trig.sty)
(/usr/share/texlive/texmf-dist/tex/latex/latexconfig/graphics.cfg)
(/usr/share/texlive/texmf-dist/tex/latex/dvipdfmx-def/dvipdfmx.def)))
(/usr/share/texlive/texmf-dist/tex/latex/url/url.sty)
(/usr/share/texlive/texmf-dist/tex/latex/amsmath/amsmath.sty
For additional information on amsmath, use the `?' option.
(/usr/share/texlive/texmf-dist/tex/latex/amsmath/amstext.sty
(/usr/share/texlive/texmf-dist/tex/latex/amsmath/amsgen.sty))
(/usr/share/texlive/texmf-dist/tex/latex/amsmath/amsbsy.sty)
(/usr/share/texlive/texmf-dist/tex/latex/amsmath/amsopn.sty)) (./document.aux)
! Extra }, or forgotten \endgroup.
<recently read> }
                 
l.17 }
      
? ! Interruption.
l.17 }
      
? [1] (./document.toc) [1] (./document.lof) [2] (./document.lot) [3] (./abst.tex
第 1 章

LaTeX Warning: Citation `cite_1' on page 1 undefined on input line 3.


LaTeX Warning: File `./images/Kinect.jpg' not found on input line 13.


! LaTeX Error: File `./images/Kinect.xbb' not found. Use -shell-escape option t
o generate automatically.

See the LaTeX manual or LaTeX Companion for explanation.
Type  H <return>  for immediate help.
 ...                                              
                                                  
l.13 ...ics[clip,width=7.0cm]{./images/Kinect.jpg}
                                                  
? 
! LaTeX Error: Cannot determine size of graphic in ./images/Kinect.xbb (no Boun
dingBox).

See the LaTeX manual or LaTeX Companion for explanation.
Type  H <return>  for immediate help.
 ...                                              
                                                  
l.13 ...ics[clip,width=7.0cm]{./images/Kinect.jpg}
                                                  
? <./images/Kinect.jpg>

LaTeX Warning: Reference `fig:Kinect' on page 1 undefined on input line 19.

) (./conclusion.tex [1]
第 2 章
) (./ack.tex [2]) [3] [4] (./document.aux)

LaTeX Warning: There were undefined references.


LaTeX Warning: Label(s) may have changed. Rerun to get cross-references right.

 )
Output written on document.dvi (8 pages, 3756 bytes).
Transcript written on document.log.
This is e-pTeX, Version 3.1415926-p3.4-110825-2.6 (utf8.euc) (TeX Live 2013/Debian)
 restricted \write18 enabled.
entering extended mode
(./document.tex
pLaTeX2e <2006/11/10> (based on LaTeX2e <2011/06/27> patch level 0)
Babel <3.9h> and hyphenation patterns for 11 languages loaded.
(/usr/share/texlive/texmf-dist/tex/platex/base/jreport.cls
Document Class: jreport 2006/06/27 v1.6 Standard pLaTeX class
(/usr/share/texlive/texmf-dist/tex/platex/base/jsize12.clo))
(/usr/share/texlive/texmf-dist/tex/latex/colortbl/colortbl.sty
(/usr/share/texlive/texmf-dist/tex/latex/tools/array.sty)
(/usr/share/texlive/texmf-dist/tex/latex/graphics/color.sty
(/usr/share/texlive/texmf-dist/tex/latex/latexconfig/color.cfg)
(/usr/share/texlive/texmf-dist/tex/latex/graphics/dvips.def)
(/usr/share/texlive/texmf-dist/tex/latex/graphics/dvipsnam.def))) (./thesis.sty

Thesis.sty version 2.01 - Released Feb 9, 1994 (for printing thesis)
Based on thesis.sty version 1.0 - Released Feb 20, 1992
) (/usr/share/texlive/texmf-dist/tex/latex/graphics/graphicx.sty
(/usr/share/texlive/texmf-dist/tex/latex/graphics/keyval.sty)
(/usr/share/texlive/texmf-dist/tex/latex/graphics/graphics.sty
(/usr/share/texlive/texmf-dist/tex/latex/graphics/trig.sty)
(/usr/share/texlive/texmf-dist/tex/latex/latexconfig/graphics.cfg)
(/usr/share/texlive/texmf-dist/tex/latex/dvipdfmx-def/dvipdfmx.def)))
(/usr/share/texlive/texmf-dist/tex/latex/url/url.sty)
(/usr/share/texlive/texmf-dist/tex/latex/amsmath/amsmath.sty
For additional information on amsmath, use the `?' option.
(/usr/share/texlive/texmf-dist/tex/latex/amsmath/amstext.sty
(/usr/share/texlive/texmf-dist/tex/latex/amsmath/amsgen.sty))
(/usr/share/texlive/texmf-dist/tex/latex/amsmath/amsbsy.sty)
(/usr/share/texlive/texmf-dist/tex/latex/amsmath/amsopn.sty)) (./document.aux)
! Extra }, or forgotten \endgroup.
<recently read> }
                 
l.17 }
      
? ! Interruption.
l.17 }
      
? [1] (./document.toc) [1] (./document.lof) [2] (./document.lot) [3] (./abst.tex
第 1 章

LaTeX Warning: File `./images/Kinect.jpg' not found on input line 13.


! LaTeX Error: File `./images/Kinect.xbb' not found. Use -shell-escape option t
o generate automatically.

See the LaTeX manual or LaTeX Companion for explanation.
Type  H <return>  for immediate help.
 ...                                              
                                                  
l.13 ...ics[clip,width=7.0cm]{./images/Kinect.jpg}
                                                  
? 
! LaTeX Error: Cannot determine size of graphic in ./images/Kinect.xbb (no Boun
dingBox).

See the LaTeX manual or LaTeX Companion for explanation.
Type  H <return>  for immediate help.
 ...                                              
                                                  
l.13 ...ics[clip,width=7.0cm]{./images/Kinect.jpg}
                                                  
? <./images/Kinect.jpg>) (./conclusion.tex [1]
第 2 章
) (./ack.tex [2]) [3] [4] (./document.aux) )
Output written on document.dvi (8 pages, 5076 bytes).
Transcript written on document.log.
